2025-05-16 12:59:23 - doc_processor - INFO - Starting application...
2025-05-16 12:59:23 - doc_processor - ERROR - Error initializing Firebase: [Errno 2] No such file or directory: 'path/to/your/credentials.json'
2025-05-16 13:11:17 - doc_processor - INFO - Starting application...
2025-05-16 13:11:17 - doc_processor - INFO - Firebase initialized successfully
2025-05-16 13:11:17 - doc_processor - INFO - Application started successfully
2025-05-16 13:11:41 - doc_processor - INFO - Shutting down application...
2025-05-16 13:11:41 - doc_processor - INFO - Application shutdown completed
2025-05-16 13:11:44 - doc_processor - INFO - Starting application...
2025-05-16 13:11:44 - doc_processor - INFO - Firebase initialized successfully
2025-05-16 13:11:44 - doc_processor - INFO - Application started successfully
2025-05-16 13:26:32 - doc_processor - INFO - Shutting down application...
2025-05-16 13:26:32 - doc_processor - INFO - Application shutdown completed
2025-05-16 13:26:32 - doc_processor - INFO - Starting application...
2025-05-16 13:26:32 - doc_processor - INFO - Firebase initialized successfully
2025-05-16 13:26:32 - doc_processor - INFO - Application started successfully
2025-05-16 13:48:16 - doc_processor - INFO - Processing document: file-sample_100kB.docx
2025-05-16 13:48:16 - doc_processor - ERROR - Error extracting data from Word document: "There is no item named '[Content_Types].xml' in the archive"
2025-05-16 13:48:16 - doc_processor - ERROR - Error processing document: Failed to extract data from document: "There is no item named '[Content_Types].xml' in the archive"
2025-05-16 13:48:16 - doc_processor - ERROR - Document processing error: Failed to process document: Failed to extract data from document: "There is no item named '[Content_Types].xml' in the archive"
2025-05-16 13:49:18 - doc_processor - INFO - Processing document: Welcome Onboard Hilo Aviation!.docx
2025-05-16 13:49:22 - doc_processor - INFO - Document saved to Firestore with ID: a6c172f9-3b5c-4601-adca-96511ef6afe5
